<?xml version="1.0" encoding="UTF-8"?>
<testng-results ignored="0" total="1" passed="1" failed="0" skipped="0">
  <reporter-output>
  </reporter-output>
  <suite started-at="2025-07-22T17:58:31 IST" name="Default suite" finished-at="2025-07-22T17:58:35 IST" duration-ms="3865">
    <groups>
    </groups>
    <test started-at="2025-07-22T17:58:31 IST" name="Default test" finished-at="2025-07-22T17:58:35 IST" duration-ms="3865">
      <class name="files.DynamicJson">
        <test-method signature="addBook()[pri:0, instance:files.DynamicJson@481a996b]" started-at="2025-07-22T17:58:31 IST" name="addBook" finished-at="2025-07-22T17:58:35 IST" duration-ms="3786" status="PASS">
          <reporter-output>
          </reporter-output>
        </test-method> <!-- addBook -->
      </class> <!-- files.DynamicJson -->
    </test> <!-- Default test -->
  </suite> <!-- Default suite -->
</testng-results>
